+POLY1.{"POLYID":4086}>{"DVERTS":"{{-1,0,-1,0},{-1,0,-1,1},{-1,0,0,1},{-1,0,1,0},{-1,1,-1,0},{-1,2,3,2},{1,-1,-1,-1}}","RESCWS":"{{0,0,0,0,1},{0,0,1,1,0},{1,1,0,0,0},{0,0,0,1,0},{1,1,1,1,0},{1,2,1,2,1},{4,5,5,5,2},{0,1,0,0,0},{1,0,2,0,0}}","NALLTRIANGS":33,"CWS":"{{0,0,1},{0,1,0},{2,0,0},{1,1,0},{2,1,0},{3,2,1},{8,5,2}}","DTOJ":"{{0,0,0,1,0,0,0,0,0},{0,0,0,0,0,1,0,0,0},{0,0,0,0,0,0,1,0,0},{0,0,0,0,0,0,0,1,0},{0,0,0,0,0,0,0,0,1}}","FAV":true,"FUNDGP":1,"DRESVERTS":"{{-1,0,-1,0},{-1,0,-1,1},{-1,0,0,1},{-1,0,1,0},{-1,1,-1,0},{-1,2,3,2},{1,-1,-1,-1},{-1,0,0,0},{-1,1,2,1}}"}
+TRIANG1.{"GEOMN":1,"TRIANGN":1,"POLYID":4086}>{"TRIANG":"{{0,1,2,4},{0,1,2,6},{0,1,4,6},{0,2,4,5},{0,2,5,7},{0,2,6,7},{0,4,5,7},{0,4,6,7},{1,2,4,5},{1,2,5,6},{1,4,5,6},{2,3,6,7},{2,3,6,8},{2,3,7,8},{2,5,6,8},{2,5,7,8},{3,4,6,7},{3,4,6,8},{3,4,7,8},{4,5,6,8},{4,5,7,8}}","H11":5,"GEOMN":1,"TRIANGN":1,"POLYID":4086}
+TRIANG1.{"GEOMN":2,"TRIANGN":1,"POLYID":4086}>{"TRIANG":"{{0,1,2,4},{0,1,2,6},{0,1,4,6},{0,2,4,5},{0,2,5,8},{0,2,6,7},{0,2,7,8},{0,4,5,8},{0,4,6,7},{0,4,7,8},{1,2,4,5},{1,2,5,6},{1,4,5,6},{2,3,6,7},{2,3,6,8},{2,3,7,8},{2,5,6,8},{3,4,6,7},{3,4,6,8},{3,4,7,8},{4,5,6,8}}","H11":5,"GEOMN":2,"TRIANGN":1,"POLYID":4086}
+TRIANG1.{"GEOMN":3,"TRIANGN":1,"POLYID":4086}>{"TRIANG":"{{0,1,2,4},{0,1,2,6},{0,1,4,6},{0,2,4,7},{0,2,6,7},{0,4,6,7},{1,2,4,5},{1,2,5,6},{1,4,5,6},{2,3,4,7},{2,3,4,8},{2,3,6,7},{2,3,6,8},{2,4,5,8},{2,5,6,8},{3,4,6,7},{3,4,6,8},{4,5,6,8}}","H11":5,"GEOMN":3,"TRIANGN":1,"POLYID":4086}
+TRIANG1.{"GEOMN":4,"TRIANGN":1,"POLYID":4086}>{"TRIANG":"{{0,1,2,4},{0,1,2,6},{0,1,4,6},{0,2,4,7},{0,2,6,7},{0,4,6,7},{1,2,4,5},{1,2,5,6},{1,4,5,6},{2,3,6,7},{2,3,6,8},{2,3,7,8},{2,4,5,7},{2,5,6,8},{2,5,7,8},{3,4,6,7},{3,4,6,8},{3,4,7,8},{4,5,6,8},{4,5,7,8}}","H11":5,"GEOMN":4,"TRIANGN":1,"POLYID":4086}
+TRIANG1.{"GEOMN":5,"TRIANGN":1,"POLYID":4086}>{"TRIANG":"{{0,1,2,4},{0,1,2,6},{0,1,4,6},{0,2,4,7},{0,2,6,7},{0,4,6,7},{1,2,4,5},{1,2,5,6},{1,4,5,6},{2,3,6,7},{2,3,6,8},{2,3,7,8},{2,4,5,8},{2,4,7,8},{2,5,6,8},{3,4,6,7},{3,4,6,8},{3,4,7,8},{4,5,6,8}}","H11":5,"GEOMN":5,"TRIANGN":1,"POLYID":4086}
+TRIANG1.{"GEOMN":6,"TRIANGN":1,"POLYID":4086}>{"TRIANG":"{{0,1,2,4},{0,1,2,6},{0,1,4,6},{0,2,4,7},{0,2,6,7},{0,4,6,7},{1,2,4,8},{1,2,5,6},{1,2,5,8},{1,4,5,6},{1,4,5,8},{2,3,4,7},{2,3,4,8},{2,3,6,7},{2,3,6,8},{2,5,6,8},{3,4,6,7},{3,4,6,8},{4,5,6,8}}","H11":5,"GEOMN":6,"TRIANGN":1,"POLYID":4086}
+TRIANG1.{"GEOMN":7,"TRIANGN":1,"POLYID":4086}>{"TRIANG":"{{0,1,2,4},{0,1,2,6},{0,1,4,6},{0,2,4,7},{0,2,6,7},{0,4,6,7},{1,2,4,8},{1,2,5,6},{1,2,5,8},{1,4,5,6},{1,4,5,8},{2,3,6,7},{2,3,6,8},{2,3,7,8},{2,4,7,8},{2,5,6,8},{3,4,6,7},{3,4,6,8},{3,4,7,8},{4,5,6,8}}","H11":5,"GEOMN":7,"TRIANGN":1,"POLYID":4086}
+TRIANG1.{"GEOMN":8,"TRIANGN":1,"POLYID":4086}>{"TRIANG":"{{0,1,2,4},{0,1,2,6},{0,1,4,6},{0,2,4,8},{0,2,6,7},{0,2,7,8},{0,4,6,7},{0,4,7,8},{1,2,4,5},{1,2,5,6},{1,4,5,6},{2,3,6,7},{2,3,6,8},{2,3,7,8},{2,4,5,8},{2,5,6,8},{3,4,6,7},{3,4,6,8},{3,4,7,8},{4,5,6,8}}","H11":5,"GEOMN":8,"TRIANGN":1,"POLYID":4086}
+TRIANG1.{"GEOMN":9,"TRIANGN":1,"POLYID":4086}>{"TRIANG":"{{0,1,2,4},{0,1,2,6},{0,1,4,6},{0,2,4,8},{0,2,6,7},{0,2,7,8},{0,4,6,7},{0,4,7,8},{1,2,4,8},{1,2,5,6},{1,2,5,8},{1,4,5,6},{1,4,5,8},{2,3,6,7},{2,3,6,8},{2,3,7,8},{2,5,6,8},{3,4,6,7},{3,4,6,8},{3,4,7,8},{4,5,6,8}}","H11":5,"GEOMN":9,"TRIANGN":1,"POLYID":4086}
+TRIANG1.{"GEOMN":10,"TRIANGN":1,"POLYID":4086}>{"TRIANG":"{{0,1,2,5},{0,1,2,6},{0,1,4,5},{0,1,4,6},{0,2,5,7},{0,2,6,7},{0,4,5,7},{0,4,6,7},{1,2,5,6},{1,4,5,6},{2,3,6,7},{2,3,6,8},{2,3,7,8},{2,5,6,8},{2,5,7,8},{3,4,6,7},{3,4,6,8},{3,4,7,8},{4,5,6,8},{4,5,7,8}}","H11":5,"GEOMN":10,"TRIANGN":1,"POLYID":4086}
+TRIANG1.{"GEOMN":11,"TRIANGN":1,"POLYID":4086}>{"TRIANG":"{{0,1,2,5},{0,1,2,6},{0,1,4,5},{0,1,4,6},{0,2,5,8},{0,2,6,7},{0,2,7,8},{0,4,5,8},{0,4,6,7},{0,4,7,8},{1,2,5,6},{1,4,5,6},{2,3,6,7},{2,3,6,8},{2,3,7,8},{2,5,6,8},{3,4,6,7},{3,4,6,8},{3,4,7,8},{4,5,6,8}}","H11":5,"GEOMN":11,"TRIANGN":1,"POLYID":4086}
+TRIANG1.{"GEOMN":12,"TRIANGN":1,"POLYID":4086}>{"TRIANG":"{{0,1,2,6},{0,1,2,8},{0,1,4,5},{0,1,4,6},{0,1,5,8},{0,2,6,7},{0,2,7,8},{0,4,5,8},{0,4,6,7},{0,4,7,8},{1,2,5,6},{1,2,5,8},{1,4,5,6},{2,3,6,7},{2,3,6,8},{2,3,7,8},{2,5,6,8},{3,4,6,7},{3,4,6,8},{3,4,7,8},{4,5,6,8}}","H11":5,"GEOMN":12,"TRIANGN":1,"POLYID":4086}
+TRIANG1.{"GEOMN":13,"TRIANGN":1,"POLYID":4086}>{"TRIANG":"{{0,1,2,6},{0,1,2,8},{0,1,4,6},{0,1,4,8},{0,2,6,7},{0,2,7,8},{0,4,6,7},{0,4,7,8},{1,2,5,6},{1,2,5,8},{1,4,5,6},{1,4,5,8},{2,3,6,7},{2,3,6,8},{2,3,7,8},{2,5,6,8},{3,4,6,7},{3,4,6,8},{3,4,7,8},{4,5,6,8}}","H11":5,"GEOMN":13,"TRIANGN":1,"POLYID":4086}
+TRIANG1.{"GEOMN":14,"TRIANGN":1,"POLYID":4086}>{"TRIANG":"{{0,1,4,5},{0,1,4,6},{0,1,5,7},{0,1,6,7},{0,4,5,7},{0,4,6,7},{1,2,3,6},{1,2,3,8},{1,2,5,6},{1,2,5,8},{1,3,6,7},{1,3,7,8},{1,4,5,6},{1,5,7,8},{2,3,6,8},{2,5,6,8},{3,4,6,7},{3,4,6,8},{3,4,7,8},{4,5,6,8},{4,5,7,8}}","H11":5,"GEOMN":14,"TRIANGN":1,"POLYID":4086}
+TRIANG1.{"GEOMN":15,"TRIANGN":1,"POLYID":4086}>{"TRIANG":"{{0,1,4,5},{0,1,4,6},{0,1,5,7},{0,1,6,7},{0,4,5,7},{0,4,6,7},{1,2,5,6},{1,2,5,7},{1,2,6,7},{1,4,5,6},{2,3,6,7},{2,3,6,8},{2,3,7,8},{2,5,6,8},{2,5,7,8},{3,4,6,7},{3,4,6,8},{3,4,7,8},{4,5,6,8},{4,5,7,8}}","H11":5,"GEOMN":15,"TRIANGN":1,"POLYID":4086}
+TRIANG1.{"GEOMN":16,"TRIANGN":1,"POLYID":4086}>{"TRIANG":"{{0,1,4,5},{0,1,4,6},{0,1,5,7},{0,1,6,7},{0,4,5,7},{0,4,6,7},{1,2,5,6},{1,2,5,8},{1,2,6,7},{1,2,7,8},{1,4,5,6},{1,5,7,8},{2,3,6,7},{2,3,6,8},{2,3,7,8},{2,5,6,8},{3,4,6,7},{3,4,6,8},{3,4,7,8},{4,5,6,8},{4,5,7,8}}","H11":5,"GEOMN":16,"TRIANGN":1,"POLYID":4086}
+TRIANG1.{"GEOMN":17,"TRIANGN":1,"POLYID":4086}>{"TRIANG":"{{0,1,4,5},{0,1,4,6},{0,1,5,8},{0,1,6,7},{0,1,7,8},{0,4,5,8},{0,4,6,7},{0,4,7,8},{1,2,3,6},{1,2,3,8},{1,2,5,6},{1,2,5,8},{1,3,6,7},{1,3,7,8},{1,4,5,6},{2,3,6,8},{2,5,6,8},{3,4,6,7},{3,4,6,8},{3,4,7,8},{4,5,6,8}}","H11":5,"GEOMN":17,"TRIANGN":1,"POLYID":4086}
+TRIANG1.{"GEOMN":18,"TRIANGN":1,"POLYID":4086}>{"TRIANG":"{{0,1,4,5},{0,1,4,6},{0,1,5,8},{0,1,6,7},{0,1,7,8},{0,4,5,8},{0,4,6,7},{0,4,7,8},{1,2,5,6},{1,2,5,8},{1,2,6,7},{1,2,7,8},{1,4,5,6},{2,3,6,7},{2,3,6,8},{2,3,7,8},{2,5,6,8},{3,4,6,7},{3,4,6,8},{3,4,7,8},{4,5,6,8}}","H11":5,"GEOMN":18,"TRIANGN":1,"POLYID":4086}
+TRIANG1.{"GEOMN":19,"TRIANGN":1,"POLYID":4086}>{"TRIANG":"{{0,1,4,6},{0,1,4,7},{0,1,6,7},{0,4,6,7},{1,2,3,4},{1,2,3,6},{1,2,4,5},{1,2,5,6},{1,3,4,7},{1,3,6,7},{1,4,5,6},{2,3,4,8},{2,3,6,8},{2,4,5,8},{2,5,6,8},{3,4,6,7},{3,4,6,8},{4,5,6,8}}","H11":5,"GEOMN":19,"TRIANGN":1,"POLYID":4086}
+TRIANG1.{"GEOMN":20,"TRIANGN":1,"POLYID":4086}>{"TRIANG":"{{0,1,4,6},{0,1,4,7},{0,1,6,7},{0,4,6,7},{1,2,3,4},{1,2,3,6},{1,2,4,8},{1,2,5,6},{1,2,5,8},{1,3,4,7},{1,3,6,7},{1,4,5,6},{1,4,5,8},{2,3,4,8},{2,3,6,8},{2,5,6,8},{3,4,6,7},{3,4,6,8},{4,5,6,8}}","H11":5,"GEOMN":20,"TRIANGN":1,"POLYID":4086}
+TRIANG1.{"GEOMN":21,"TRIANGN":1,"POLYID":4086}>{"TRIANG":"{{0,1,4,6},{0,1,4,7},{0,1,6,7},{0,4,6,7},{1,2,3,6},{1,2,3,8},{1,2,5,6},{1,2,5,8},{1,3,4,7},{1,3,4,8},{1,3,6,7},{1,4,5,6},{1,4,5,8},{2,3,6,8},{2,5,6,8},{3,4,6,7},{3,4,6,8},{4,5,6,8}}","H11":5,"GEOMN":21,"TRIANGN":1,"POLYID":4086}
+TRIANG1.{"GEOMN":22,"TRIANGN":1,"POLYID":4086}>{"TRIANG":"{{0,1,4,6},{0,1,4,7},{0,1,6,7},{0,4,6,7},{1,2,3,6},{1,2,3,8},{1,2,5,6},{1,2,5,8},{1,3,6,7},{1,3,7,8},{1,4,5,6},{1,4,5,7},{1,5,7,8},{2,3,6,8},{2,5,6,8},{3,4,6,7},{3,4,6,8},{3,4,7,8},{4,5,6,8},{4,5,7,8}}","H11":5,"GEOMN":22,"TRIANGN":1,"POLYID":4086}
+TRIANG1.{"GEOMN":23,"TRIANGN":1,"POLYID":4086}>{"TRIANG":"{{0,1,4,6},{0,1,4,7},{0,1,6,7},{0,4,6,7},{1,2,3,6},{1,2,3,8},{1,2,5,6},{1,2,5,8},{1,3,6,7},{1,3,7,8},{1,4,5,6},{1,4,5,8},{1,4,7,8},{2,3,6,8},{2,5,6,8},{3,4,6,7},{3,4,6,8},{3,4,7,8},{4,5,6,8}}","H11":5,"GEOMN":23,"TRIANGN":1,"POLYID":4086}
+TRIANG1.{"GEOMN":24,"TRIANGN":1,"POLYID":4086}>{"TRIANG":"{{0,1,4,6},{0,1,4,7},{0,1,6,7},{0,4,6,7},{1,2,4,5},{1,2,4,7},{1,2,5,6},{1,2,6,7},{1,4,5,6},{2,3,4,7},{2,3,4,8},{2,3,6,7},{2,3,6,8},{2,4,5,8},{2,5,6,8},{3,4,6,7},{3,4,6,8},{4,5,6,8}}","H11":5,"GEOMN":24,"TRIANGN":1,"POLYID":4086}
+TRIANG1.{"GEOMN":25,"TRIANGN":1,"POLYID":4086}>{"TRIANG":"{{0,1,4,6},{0,1,4,7},{0,1,6,7},{0,4,6,7},{1,2,4,5},{1,2,4,7},{1,2,5,6},{1,2,6,7},{1,4,5,6},{2,3,6,7},{2,3,6,8},{2,3,7,8},{2,4,5,7},{2,5,6,8},{2,5,7,8},{3,4,6,7},{3,4,6,8},{3,4,7,8},{4,5,6,8},{4,5,7,8}}","H11":5,"GEOMN":25,"TRIANGN":1,"POLYID":4086}
+TRIANG1.{"GEOMN":26,"TRIANGN":1,"POLYID":4086}>{"TRIANG":"{{0,1,4,6},{0,1,4,7},{0,1,6,7},{0,4,6,7},{1,2,4,5},{1,2,4,7},{1,2,5,6},{1,2,6,7},{1,4,5,6},{2,3,6,7},{2,3,6,8},{2,3,7,8},{2,4,5,8},{2,4,7,8},{2,5,6,8},{3,4,6,7},{3,4,6,8},{3,4,7,8},{4,5,6,8}}","H11":5,"GEOMN":26,"TRIANGN":1,"POLYID":4086}
+TRIANG1.{"GEOMN":27,"TRIANGN":1,"POLYID":4086}>{"TRIANG":"{{0,1,4,6},{0,1,4,7},{0,1,6,7},{0,4,6,7},{1,2,4,7},{1,2,4,8},{1,2,5,6},{1,2,5,8},{1,2,6,7},{1,4,5,6},{1,4,5,8},{2,3,4,7},{2,3,4,8},{2,3,6,7},{2,3,6,8},{2,5,6,8},{3,4,6,7},{3,4,6,8},{4,5,6,8}}","H11":5,"GEOMN":27,"TRIANGN":1,"POLYID":4086}
+TRIANG1.{"GEOMN":28,"TRIANGN":1,"POLYID":4086}>{"TRIANG":"{{0,1,4,6},{0,1,4,7},{0,1,6,7},{0,4,6,7},{1,2,4,7},{1,2,4,8},{1,2,5,6},{1,2,5,8},{1,2,6,7},{1,4,5,6},{1,4,5,8},{2,3,6,7},{2,3,6,8},{2,3,7,8},{2,4,7,8},{2,5,6,8},{3,4,6,7},{3,4,6,8},{3,4,7,8},{4,5,6,8}}","H11":5,"GEOMN":28,"TRIANGN":1,"POLYID":4086}
+TRIANG1.{"GEOMN":29,"TRIANGN":1,"POLYID":4086}>{"TRIANG":"{{0,1,4,6},{0,1,4,7},{0,1,6,7},{0,4,6,7},{1,2,5,6},{1,2,5,7},{1,2,6,7},{1,4,5,6},{1,4,5,7},{2,3,6,7},{2,3,6,8},{2,3,7,8},{2,5,6,8},{2,5,7,8},{3,4,6,7},{3,4,6,8},{3,4,7,8},{4,5,6,8},{4,5,7,8}}","H11":5,"GEOMN":29,"TRIANGN":1,"POLYID":4086}
+TRIANG1.{"GEOMN":30,"TRIANGN":1,"POLYID":4086}>{"TRIANG":"{{0,1,4,6},{0,1,4,7},{0,1,6,7},{0,4,6,7},{1,2,5,6},{1,2,5,8},{1,2,6,7},{1,2,7,8},{1,4,5,6},{1,4,5,7},{1,5,7,8},{2,3,6,7},{2,3,6,8},{2,3,7,8},{2,5,6,8},{3,4,6,7},{3,4,6,8},{3,4,7,8},{4,5,6,8},{4,5,7,8}}","H11":5,"GEOMN":30,"TRIANGN":1,"POLYID":4086}
+TRIANG1.{"GEOMN":31,"TRIANGN":1,"POLYID":4086}>{"TRIANG":"{{0,1,4,6},{0,1,4,7},{0,1,6,7},{0,4,6,7},{1,2,5,6},{1,2,5,8},{1,2,6,7},{1,2,7,8},{1,4,5,6},{1,4,5,8},{1,4,7,8},{2,3,6,7},{2,3,6,8},{2,3,7,8},{2,5,6,8},{3,4,6,7},{3,4,6,8},{3,4,7,8},{4,5,6,8}}","H11":5,"GEOMN":31,"TRIANGN":1,"POLYID":4086}
+TRIANG1.{"GEOMN":32,"TRIANGN":1,"POLYID":4086}>{"TRIANG":"{{0,1,4,6},{0,1,4,8},{0,1,6,7},{0,1,7,8},{0,4,6,7},{0,4,7,8},{1,2,3,6},{1,2,3,8},{1,2,5,6},{1,2,5,8},{1,3,6,7},{1,3,7,8},{1,4,5,6},{1,4,5,8},{2,3,6,8},{2,5,6,8},{3,4,6,7},{3,4,6,8},{3,4,7,8},{4,5,6,8}}","H11":5,"GEOMN":32,"TRIANGN":1,"POLYID":4086}
+TRIANG1.{"GEOMN":33,"TRIANGN":1,"POLYID":4086}>{"TRIANG":"{{0,1,4,6},{0,1,4,8},{0,1,6,7},{0,1,7,8},{0,4,6,7},{0,4,7,8},{1,2,5,6},{1,2,5,8},{1,2,6,7},{1,2,7,8},{1,4,5,6},{1,4,5,8},{2,3,6,7},{2,3,6,8},{2,3,7,8},{2,5,6,8},{3,4,6,7},{3,4,6,8},{3,4,7,8},{4,5,6,8}}","H11":5,"GEOMN":33,"TRIANGN":1,"POLYID":4086}
CPUTime: 9 seconds
MaxRSS: 32152000 bytes
MaxVMSize: 565732000 bytes
BSONSize: 9190 bytes
