+POLY1.{"POLYID":5788}>{"DVERTS":"{{-1,0,0,0},{-1,0,0,2},{-1,0,1,0},{-1,0,1,1},{-1,1,0,0},{-1,2,2,2},{1,-1,-1,-1}}","RESCWS":"{{0,0,0,0,1},{0,0,0,1,0},{0,1,1,2,0},{1,0,0,0,0},{1,1,1,2,0},{1,1,2,3,1},{3,4,5,8,2},{0,0,1,0,0},{0,1,0,0,0}}","NALLTRIANGS":31,"CWS":"{{0,0,1},{0,1,0},{0,2,0},{1,0,0},{1,2,0},{1,3,1},{3,8,2}}","DTOJ":"{{0,1,0,0,0,0,0,0,0},{0,0,0,0,0,1,0,0,0},{0,0,0,0,0,0,1,0,0},{0,0,0,0,0,0,0,1,0},{0,0,0,0,0,0,0,0,1}}","FAV":true,"FUNDGP":1,"DRESVERTS":"{{-1,0,0,0},{-1,0,0,2},{-1,0,1,0},{-1,0,1,1},{-1,1,0,0},{-1,2,2,2},{1,-1,-1,-1},{-1,0,0,1},{-1,1,1,2}}"}
+TRIANG1.{"GEOMN":1,"TRIANGN":1,"POLYID":5788}>{"TRIANG":"{{0,2,3,4},{0,2,3,6},{0,2,4,6},{0,3,4,7},{0,3,6,7},{0,4,6,7},{1,3,4,7},{1,3,4,8},{1,3,6,7},{1,3,6,8},{1,4,6,7},{1,4,6,8},{2,3,4,5},{2,3,5,6},{2,4,5,6},{3,4,5,8},{3,5,6,8},{4,5,6,8}}","H11":5,"GEOMN":1,"TRIANGN":1,"POLYID":5788}
+TRIANG1.{"GEOMN":2,"TRIANGN":1,"POLYID":5788}>{"TRIANG":"{{0,2,3,4},{0,2,3,6},{0,2,4,6},{0,3,4,7},{0,3,6,7},{0,4,6,7},{1,3,4,7},{1,3,4,8},{1,3,6,7},{1,3,6,8},{1,4,6,7},{1,4,6,8},{2,3,4,8},{2,3,5,6},{2,3,5,8},{2,4,5,6},{2,4,5,8},{3,5,6,8},{4,5,6,8}}","H11":5,"GEOMN":2,"TRIANGN":1,"POLYID":5788}
+TRIANG1.{"GEOMN":3,"TRIANGN":1,"POLYID":5788}>{"TRIANG":"{{0,2,3,4},{0,2,3,6},{0,2,4,6},{0,3,4,7},{0,3,6,7},{0,4,6,7},{1,3,6,7},{1,3,6,8},{1,3,7,8},{1,4,6,7},{1,4,6,8},{1,4,7,8},{2,3,4,5},{2,3,5,6},{2,4,5,6},{3,4,5,7},{3,5,6,8},{3,5,7,8},{4,5,6,8},{4,5,7,8}}","H11":5,"GEOMN":3,"TRIANGN":1,"POLYID":5788}
+TRIANG1.{"GEOMN":4,"TRIANGN":1,"POLYID":5788}>{"TRIANG":"{{0,2,3,4},{0,2,3,6},{0,2,4,6},{0,3,4,7},{0,3,6,7},{0,4,6,7},{1,3,6,7},{1,3,6,8},{1,3,7,8},{1,4,6,7},{1,4,6,8},{1,4,7,8},{2,3,4,5},{2,3,5,6},{2,4,5,6},{3,4,5,8},{3,4,7,8},{3,5,6,8},{4,5,6,8}}","H11":5,"GEOMN":4,"TRIANGN":1,"POLYID":5788}
+TRIANG1.{"GEOMN":5,"TRIANGN":1,"POLYID":5788}>{"TRIANG":"{{0,2,3,4},{0,2,3,6},{0,2,4,6},{0,3,4,7},{0,3,6,7},{0,4,6,7},{1,3,6,7},{1,3,6,8},{1,3,7,8},{1,4,6,7},{1,4,6,8},{1,4,7,8},{2,3,4,8},{2,3,5,6},{2,3,5,8},{2,4,5,6},{2,4,5,8},{3,4,7,8},{3,5,6,8},{4,5,6,8}}","H11":5,"GEOMN":5,"TRIANGN":1,"POLYID":5788}
+TRIANG1.{"GEOMN":6,"TRIANGN":1,"POLYID":5788}>{"TRIANG":"{{0,2,3,4},{0,2,3,6},{0,2,4,6},{0,3,4,8},{0,3,6,7},{0,3,7,8},{0,4,6,7},{0,4,7,8},{1,3,6,7},{1,3,6,8},{1,3,7,8},{1,4,6,7},{1,4,6,8},{1,4,7,8},{2,3,4,5},{2,3,5,6},{2,4,5,6},{3,4,5,8},{3,5,6,8},{4,5,6,8}}","H11":5,"GEOMN":6,"TRIANGN":1,"POLYID":5788}
+TRIANG1.{"GEOMN":7,"TRIANGN":1,"POLYID":5788}>{"TRIANG":"{{0,2,3,4},{0,2,3,6},{0,2,4,6},{0,3,4,8},{0,3,6,7},{0,3,7,8},{0,4,6,7},{0,4,7,8},{1,3,6,7},{1,3,6,8},{1,3,7,8},{1,4,6,7},{1,4,6,8},{1,4,7,8},{2,3,4,8},{2,3,5,6},{2,3,5,8},{2,4,5,6},{2,4,5,8},{3,5,6,8},{4,5,6,8}}","H11":5,"GEOMN":7,"TRIANGN":1,"POLYID":5788}
+TRIANG1.{"GEOMN":8,"TRIANGN":1,"POLYID":5788}>{"TRIANG":"{{0,2,3,5},{0,2,3,6},{0,2,4,5},{0,2,4,6},{0,3,5,7},{0,3,6,7},{0,4,5,7},{0,4,6,7},{1,3,6,7},{1,3,6,8},{1,3,7,8},{1,4,6,7},{1,4,6,8},{1,4,7,8},{2,3,5,6},{2,4,5,6},{3,5,6,8},{3,5,7,8},{4,5,6,8},{4,5,7,8}}","H11":5,"GEOMN":8,"TRIANGN":1,"POLYID":5788}
+TRIANG1.{"GEOMN":9,"TRIANGN":1,"POLYID":5788}>{"TRIANG":"{{0,2,3,5},{0,2,3,6},{0,2,4,5},{0,2,4,6},{0,3,5,8},{0,3,6,7},{0,3,7,8},{0,4,5,8},{0,4,6,7},{0,4,7,8},{1,3,6,7},{1,3,6,8},{1,3,7,8},{1,4,6,7},{1,4,6,8},{1,4,7,8},{2,3,5,6},{2,4,5,6},{3,5,6,8},{4,5,6,8}}","H11":5,"GEOMN":9,"TRIANGN":1,"POLYID":5788}
+TRIANG1.{"GEOMN":10,"TRIANGN":1,"POLYID":5788}>{"TRIANG":"{{0,2,3,6},{0,2,3,8},{0,2,4,5},{0,2,4,6},{0,2,5,8},{0,3,6,7},{0,3,7,8},{0,4,5,8},{0,4,6,7},{0,4,7,8},{1,3,6,7},{1,3,6,8},{1,3,7,8},{1,4,6,7},{1,4,6,8},{1,4,7,8},{2,3,5,6},{2,3,5,8},{2,4,5,6},{3,5,6,8},{4,5,6,8}}","H11":5,"GEOMN":10,"TRIANGN":1,"POLYID":5788}
+TRIANG1.{"GEOMN":11,"TRIANGN":1,"POLYID":5788}>{"TRIANG":"{{0,2,3,6},{0,2,3,8},{0,2,4,6},{0,2,4,8},{0,3,6,7},{0,3,7,8},{0,4,6,7},{0,4,7,8},{1,3,6,7},{1,3,6,8},{1,3,7,8},{1,4,6,7},{1,4,6,8},{1,4,7,8},{2,3,5,6},{2,3,5,8},{2,4,5,6},{2,4,5,8},{3,5,6,8},{4,5,6,8}}","H11":5,"GEOMN":11,"TRIANGN":1,"POLYID":5788}
+TRIANG1.{"GEOMN":12,"TRIANGN":1,"POLYID":5788}>{"TRIANG":"{{0,2,4,5},{0,2,4,6},{0,2,5,7},{0,2,6,7},{0,4,5,7},{0,4,6,7},{1,2,3,6},{1,2,3,8},{1,2,6,7},{1,2,7,8},{1,3,6,8},{1,4,6,7},{1,4,6,8},{1,4,7,8},{2,3,5,6},{2,3,5,8},{2,4,5,6},{2,5,7,8},{3,5,6,8},{4,5,6,8},{4,5,7,8}}","H11":5,"GEOMN":12,"TRIANGN":1,"POLYID":5788}
+TRIANG1.{"GEOMN":13,"TRIANGN":1,"POLYID":5788}>{"TRIANG":"{{0,2,4,5},{0,2,4,6},{0,2,5,7},{0,2,6,7},{0,4,5,7},{0,4,6,7},{1,3,6,7},{1,3,6,8},{1,3,7,8},{1,4,6,7},{1,4,6,8},{1,4,7,8},{2,3,5,6},{2,3,5,7},{2,3,6,7},{2,4,5,6},{3,5,6,8},{3,5,7,8},{4,5,6,8},{4,5,7,8}}","H11":5,"GEOMN":13,"TRIANGN":1,"POLYID":5788}
+TRIANG1.{"GEOMN":14,"TRIANGN":1,"POLYID":5788}>{"TRIANG":"{{0,2,4,5},{0,2,4,6},{0,2,5,7},{0,2,6,7},{0,4,5,7},{0,4,6,7},{1,3,6,7},{1,3,6,8},{1,3,7,8},{1,4,6,7},{1,4,6,8},{1,4,7,8},{2,3,5,6},{2,3,5,8},{2,3,6,7},{2,3,7,8},{2,4,5,6},{2,5,7,8},{3,5,6,8},{4,5,6,8},{4,5,7,8}}","H11":5,"GEOMN":14,"TRIANGN":1,"POLYID":5788}
+TRIANG1.{"GEOMN":15,"TRIANGN":1,"POLYID":5788}>{"TRIANG":"{{0,2,4,5},{0,2,4,6},{0,2,5,8},{0,2,6,7},{0,2,7,8},{0,4,5,8},{0,4,6,7},{0,4,7,8},{1,2,3,6},{1,2,3,8},{1,2,6,7},{1,2,7,8},{1,3,6,8},{1,4,6,7},{1,4,6,8},{1,4,7,8},{2,3,5,6},{2,3,5,8},{2,4,5,6},{3,5,6,8},{4,5,6,8}}","H11":5,"GEOMN":15,"TRIANGN":1,"POLYID":5788}
+TRIANG1.{"GEOMN":16,"TRIANGN":1,"POLYID":5788}>{"TRIANG":"{{0,2,4,5},{0,2,4,6},{0,2,5,8},{0,2,6,7},{0,2,7,8},{0,4,5,8},{0,4,6,7},{0,4,7,8},{1,3,6,7},{1,3,6,8},{1,3,7,8},{1,4,6,7},{1,4,6,8},{1,4,7,8},{2,3,5,6},{2,3,5,8},{2,3,6,7},{2,3,7,8},{2,4,5,6},{3,5,6,8},{4,5,6,8}}","H11":5,"GEOMN":16,"TRIANGN":1,"POLYID":5788}
+TRIANG1.{"GEOMN":17,"TRIANGN":1,"POLYID":5788}>{"TRIANG":"{{0,2,4,6},{0,2,4,7},{0,2,6,7},{0,4,6,7},{1,2,3,4},{1,2,3,6},{1,2,4,7},{1,2,6,7},{1,3,4,8},{1,3,6,8},{1,4,6,7},{1,4,6,8},{2,3,4,5},{2,3,5,6},{2,4,5,6},{3,4,5,8},{3,5,6,8},{4,5,6,8}}","H11":5,"GEOMN":17,"TRIANGN":1,"POLYID":5788}
+TRIANG1.{"GEOMN":18,"TRIANGN":1,"POLYID":5788}>{"TRIANG":"{{0,2,4,6},{0,2,4,7},{0,2,6,7},{0,4,6,7},{1,2,3,4},{1,2,3,6},{1,2,4,7},{1,2,6,7},{1,3,4,8},{1,3,6,8},{1,4,6,7},{1,4,6,8},{2,3,4,8},{2,3,5,6},{2,3,5,8},{2,4,5,6},{2,4,5,8},{3,5,6,8},{4,5,6,8}}","H11":5,"GEOMN":18,"TRIANGN":1,"POLYID":5788}
+TRIANG1.{"GEOMN":19,"TRIANGN":1,"POLYID":5788}>{"TRIANG":"{{0,2,4,6},{0,2,4,7},{0,2,6,7},{0,4,6,7},{1,2,3,6},{1,2,3,8},{1,2,4,7},{1,2,4,8},{1,2,6,7},{1,3,6,8},{1,4,6,7},{1,4,6,8},{2,3,5,6},{2,3,5,8},{2,4,5,6},{2,4,5,8},{3,5,6,8},{4,5,6,8}}","H11":5,"GEOMN":19,"TRIANGN":1,"POLYID":5788}
+TRIANG1.{"GEOMN":20,"TRIANGN":1,"POLYID":5788}>{"TRIANG":"{{0,2,4,6},{0,2,4,7},{0,2,6,7},{0,4,6,7},{1,2,3,6},{1,2,3,8},{1,2,6,7},{1,2,7,8},{1,3,6,8},{1,4,6,7},{1,4,6,8},{1,4,7,8},{2,3,5,6},{2,3,5,8},{2,4,5,6},{2,4,5,7},{2,5,7,8},{3,5,6,8},{4,5,6,8},{4,5,7,8}}","H11":5,"GEOMN":20,"TRIANGN":1,"POLYID":5788}
+TRIANG1.{"GEOMN":21,"TRIANGN":1,"POLYID":5788}>{"TRIANG":"{{0,2,4,6},{0,2,4,7},{0,2,6,7},{0,4,6,7},{1,2,3,6},{1,2,3,8},{1,2,6,7},{1,2,7,8},{1,3,6,8},{1,4,6,7},{1,4,6,8},{1,4,7,8},{2,3,5,6},{2,3,5,8},{2,4,5,6},{2,4,5,8},{2,4,7,8},{3,5,6,8},{4,5,6,8}}","H11":5,"GEOMN":21,"TRIANGN":1,"POLYID":5788}
+TRIANG1.{"GEOMN":22,"TRIANGN":1,"POLYID":5788}>{"TRIANG":"{{0,2,4,6},{0,2,4,7},{0,2,6,7},{0,4,6,7},{1,3,4,7},{1,3,4,8},{1,3,6,7},{1,3,6,8},{1,4,6,7},{1,4,6,8},{2,3,4,5},{2,3,4,7},{2,3,5,6},{2,3,6,7},{2,4,5,6},{3,4,5,8},{3,5,6,8},{4,5,6,8}}","H11":5,"GEOMN":22,"TRIANGN":1,"POLYID":5788}
+TRIANG1.{"GEOMN":23,"TRIANGN":1,"POLYID":5788}>{"TRIANG":"{{0,2,4,6},{0,2,4,7},{0,2,6,7},{0,4,6,7},{1,3,4,7},{1,3,4,8},{1,3,6,7},{1,3,6,8},{1,4,6,7},{1,4,6,8},{2,3,4,7},{2,3,4,8},{2,3,5,6},{2,3,5,8},{2,3,6,7},{2,4,5,6},{2,4,5,8},{3,5,6,8},{4,5,6,8}}","H11":5,"GEOMN":23,"TRIANGN":1,"POLYID":5788}
+TRIANG1.{"GEOMN":24,"TRIANGN":1,"POLYID":5788}>{"TRIANG":"{{0,2,4,6},{0,2,4,7},{0,2,6,7},{0,4,6,7},{1,3,6,7},{1,3,6,8},{1,3,7,8},{1,4,6,7},{1,4,6,8},{1,4,7,8},{2,3,4,5},{2,3,4,7},{2,3,5,6},{2,3,6,7},{2,4,5,6},{3,4,5,7},{3,5,6,8},{3,5,7,8},{4,5,6,8},{4,5,7,8}}","H11":5,"GEOMN":24,"TRIANGN":1,"POLYID":5788}
+TRIANG1.{"GEOMN":25,"TRIANGN":1,"POLYID":5788}>{"TRIANG":"{{0,2,4,6},{0,2,4,7},{0,2,6,7},{0,4,6,7},{1,3,6,7},{1,3,6,8},{1,3,7,8},{1,4,6,7},{1,4,6,8},{1,4,7,8},{2,3,4,5},{2,3,4,7},{2,3,5,6},{2,3,6,7},{2,4,5,6},{3,4,5,8},{3,4,7,8},{3,5,6,8},{4,5,6,8}}","H11":5,"GEOMN":25,"TRIANGN":1,"POLYID":5788}
+TRIANG1.{"GEOMN":26,"TRIANGN":1,"POLYID":5788}>{"TRIANG":"{{0,2,4,6},{0,2,4,7},{0,2,6,7},{0,4,6,7},{1,3,6,7},{1,3,6,8},{1,3,7,8},{1,4,6,7},{1,4,6,8},{1,4,7,8},{2,3,4,7},{2,3,4,8},{2,3,5,6},{2,3,5,8},{2,3,6,7},{2,4,5,6},{2,4,5,8},{3,4,7,8},{3,5,6,8},{4,5,6,8}}","H11":5,"GEOMN":26,"TRIANGN":1,"POLYID":5788}
+TRIANG1.{"GEOMN":27,"TRIANGN":1,"POLYID":5788}>{"TRIANG":"{{0,2,4,6},{0,2,4,7},{0,2,6,7},{0,4,6,7},{1,3,6,7},{1,3,6,8},{1,3,7,8},{1,4,6,7},{1,4,6,8},{1,4,7,8},{2,3,5,6},{2,3,5,7},{2,3,6,7},{2,4,5,6},{2,4,5,7},{3,5,6,8},{3,5,7,8},{4,5,6,8},{4,5,7,8}}","H11":5,"GEOMN":27,"TRIANGN":1,"POLYID":5788}
+TRIANG1.{"GEOMN":28,"TRIANGN":1,"POLYID":5788}>{"TRIANG":"{{0,2,4,6},{0,2,4,7},{0,2,6,7},{0,4,6,7},{1,3,6,7},{1,3,6,8},{1,3,7,8},{1,4,6,7},{1,4,6,8},{1,4,7,8},{2,3,5,6},{2,3,5,8},{2,3,6,7},{2,3,7,8},{2,4,5,6},{2,4,5,7},{2,5,7,8},{3,5,6,8},{4,5,6,8},{4,5,7,8}}","H11":5,"GEOMN":28,"TRIANGN":1,"POLYID":5788}
+TRIANG1.{"GEOMN":29,"TRIANGN":1,"POLYID":5788}>{"TRIANG":"{{0,2,4,6},{0,2,4,7},{0,2,6,7},{0,4,6,7},{1,3,6,7},{1,3,6,8},{1,3,7,8},{1,4,6,7},{1,4,6,8},{1,4,7,8},{2,3,5,6},{2,3,5,8},{2,3,6,7},{2,3,7,8},{2,4,5,6},{2,4,5,8},{2,4,7,8},{3,5,6,8},{4,5,6,8}}","H11":5,"GEOMN":29,"TRIANGN":1,"POLYID":5788}
+TRIANG1.{"GEOMN":30,"TRIANGN":1,"POLYID":5788}>{"TRIANG":"{{0,2,4,6},{0,2,4,8},{0,2,6,7},{0,2,7,8},{0,4,6,7},{0,4,7,8},{1,2,3,6},{1,2,3,8},{1,2,6,7},{1,2,7,8},{1,3,6,8},{1,4,6,7},{1,4,6,8},{1,4,7,8},{2,3,5,6},{2,3,5,8},{2,4,5,6},{2,4,5,8},{3,5,6,8},{4,5,6,8}}","H11":5,"GEOMN":30,"TRIANGN":1,"POLYID":5788}
+TRIANG1.{"GEOMN":31,"TRIANGN":1,"POLYID":5788}>{"TRIANG":"{{0,2,4,6},{0,2,4,8},{0,2,6,7},{0,2,7,8},{0,4,6,7},{0,4,7,8},{1,3,6,7},{1,3,6,8},{1,3,7,8},{1,4,6,7},{1,4,6,8},{1,4,7,8},{2,3,5,6},{2,3,5,8},{2,3,6,7},{2,3,7,8},{2,4,5,6},{2,4,5,8},{3,5,6,8},{4,5,6,8}}","H11":5,"GEOMN":31,"TRIANGN":1,"POLYID":5788}
CPUTime: 10 seconds
MaxRSS: 36672000 bytes
MaxVMSize: 615968000 bytes
BSONSize: 8636 bytes
